This file contains any messages produced by compilers while
running configure, to aid debugging if configure makes a mistake.

It was created by PostgreSQL configure 9.5.4 (Postgres-XL 9.5r1.3), which was
generated by GNU Autoconf 2.69.  Invocation command line was

  $ ./configure 

## --------- ##
## Platform. ##
## --------- ##

hostname = trusty64
uname -m = x86_64
uname -r = 3.16.0-55-generic
uname -s = Linux
uname -v = #74~14.04.1-Ubuntu SMP Tue Nov 17 10:15:59 UTC 2015

/usr/bin/uname -p = unknown
/bin/uname -X     = unknown

/bin/arch              = unknown
/usr/bin/arch -k       = unknown
/usr/convex/getsysinfo = unknown
/usr/bin/hostinfo      = unknown
/bin/machine           = unknown
/usr/bin/oslevel       = unknown
/bin/universe          = unknown

PATH: /usr/local/bin
PATH: /usr/bin
PATH: /bin
PATH: /usr/local/games
PATH: /usr/games


## ----------- ##
## Core tests. ##
## ----------- ##

configure:2764: checking build system type
configure:2778: result: x86_64-pc-linux-gnu
configure:2798: checking host system type
configure:2811: result: x86_64-pc-linux-gnu
configure:2833: checking which template to use
configure:2903: result: linux
configure:2998: checking whether to build with 64-bit integer date/time support
configure:3027: result: yes
configure:3034: checking whether NLS is wanted
configure:3066: result: no
configure:3074: checking for default port number
configure:3099: result: 5432
configure:3517: checking for block size
configure:3551: result: 8kB
configure:3563: checking for segment size
configure:3592: result: 1GB
configure:3604: checking for WAL block size
configure:3639: result: 8kB
configure:3651: checking for WAL segment size
configure:3686: result: 16MB
configure:3783: checking for gcc
configure:3799: found /usr/bin/gcc
configure:3810: result: gcc
configure:3841: checking for C compiler version
configure:3850: gcc --version >&5
gcc (Ubuntu 4.8.4-2ubuntu1~14.04) 4.8.4
Copyright (C) 2013 Free Software Foundation, Inc.
This is free software; see the source for copying conditions.  There is NO
warranty; not even for MERCHANTABILITY or FITNESS FOR A PARTICULAR PURPOSE.

configure:3861: $? = 0
configure:3850: gcc -v >&5
Using built-in specs.
COLLECT_GCC=gcc
COLLECT_LTO_WRAPPER=/usr/lib/gcc/x86_64-linux-gnu/4.8/lto-wrapper
Target: x86_64-linux-gnu
Configured with: ../src/configure -v --with-pkgversion='Ubuntu 4.8.4-2ubuntu1~14.04' --with-bugurl=file:///usr/share/doc/gcc-4.8/README.Bugs --enable-languages=c,c++,java,go,d,fortran,objc,obj-c++ --prefix=/usr --program-suffix=-4.8 --enable-shared --enable-linker-build-id --libexecdir=/usr/lib --without-included-gettext --enable-threads=posix --with-gxx-include-dir=/usr/include/c++/4.8 --libdir=/usr/lib --enable-nls --with-sysroot=/ --enable-clocale=gnu --enable-libstdcxx-debug --enable-libstdcxx-time=yes --enable-gnu-unique-object --disable-libmudflap --enable-plugin --with-system-zlib --disable-browser-plugin --enable-java-awt=gtk --enable-gtk-cairo --with-java-home=/usr/lib/jvm/java-1.5.0-gcj-4.8-amd64/jre --enable-java-home --with-jvm-root-dir=/usr/lib/jvm/java-1.5.0-gcj-4.8-amd64 --with-jvm-jar-dir=/usr/lib/jvm-exports/java-1.5.0-gcj-4.8-amd64 --with-arch-directory=amd64 --with-ecj-jar=/usr/share/java/eclipse-ecj.jar --enable-objc-gc --enable-multiarch --disable-werror --with-arch-32=i686 --with-abi=m64 --with-multilib-list=m32,m64,mx32 --with-tune=generic --enable-checking=release --build=x86_64-linux-gnu --host=x86_64-linux-gnu --target=x86_64-linux-gnu
Thread model: posix
gcc version 4.8.4 (Ubuntu 4.8.4-2ubuntu1~14.04) 
configure:3861: $? = 0
configure:3850: gcc -V >&5
gcc: error: unrecognized command line option '-V'
gcc: fatal error: no input files
compilation terminated.
configure:3861: $? = 4
configure:3850: gcc -qversion >&5
gcc: error: unrecognized command line option '-qversion'
gcc: fatal error: no input files
compilation terminated.
configure:3861: $? = 4
configure:3881: checking whether the C compiler works
configure:3903: gcc    conftest.c  >&5
configure:3907: $? = 0
configure:3955: result: yes
configure:3958: checking for C compiler default output file name
configure:3960: result: a.out
configure:3966: checking for suffix of executables
configure:3973: gcc -o conftest    conftest.c  >&5
configure:3977: $? = 0
configure:3999: result: 
configure:4021: checking whether we are cross compiling
configure:4029: gcc -o conftest    conftest.c  >&5
configure:4033: $? = 0
configure:4040: ./conftest
configure:4044: $? = 0
configure:4059: result: no
configure:4064: checking for suffix of object files
configure:4086: gcc -c   conftest.c >&5
configure:4090: $? = 0
configure:4111: result: o
configure:4115: checking whether we are using the GNU C compiler
configure:4134: gcc -c   conftest.c >&5
configure:4134: $? = 0
configure:4143: result: yes
configure:4152: checking whether gcc accepts -g
configure:4172: gcc -c -g  conftest.c >&5
configure:4172: $? = 0
configure:4213: result: yes
configure:4230: checking for gcc option to accept ISO C89
configure:4293: gcc  -c -g -O2  conftest.c >&5
configure:4293: $? = 0
configure:4306: result: none needed
configure:4344: gcc -c -g -O2  conftest.c >&5
conftest.c: In function 'main':
conftest.c:25:1: error: unknown type name 'choke'
 choke me
 ^
configure:4344: $? = 1
configure: failed program was:
| /* confdefs.h */
| #define PACKAGE_NAME "PostgreSQL"
| #define PACKAGE_TARNAME "postgresql"
| #define PACKAGE_VERSION "9.5.4 (Postgres-XL 9.5r1.3)"
| #define PACKAGE_XC_VERSION "9.5r1.3"
| #define PACKAGE_STRING "PostgreSQL 9.5.4 (Postgres-XL 9.5r1.3)"
| #define PACKAGE_BUGREPORT "bugs@postgres-xl.org"
| #define PACKAGE_URL ""
| #define PG_MAJORVERSION "9.5"
| #define PG_VERSION "9.5.4 (Postgres-XL 9.5r1.3)"
| #define PGXC_VERSION "9.5r1.3"
| #define USE_INTEGER_DATETIMES 1
| #define DEF_PGPORT 5432
| #define DEF_PGPORT_STR "5432"
| #define BLCKSZ 8192
| #define RELSEG_SIZE 131072
| #define XLOG_BLCKSZ 8192
| #define XLOG_SEG_SIZE (16 * 1024 * 1024)
| /* end confdefs.h.  */
| 
| int
| main ()
| {
| #ifndef __INTEL_COMPILER
| choke me
| #endif
|   ;
|   return 0;
| }
configure:4366: gcc -c -g -O2  conftest.c >&5
conftest.c: In function 'main':
conftest.c:25:1: error: unknown type name 'choke'
 choke me
 ^
configure:4366: $? = 1
configure: failed program was:
| /* confdefs.h */
| #define PACKAGE_NAME "PostgreSQL"
| #define PACKAGE_TARNAME "postgresql"
| #define PACKAGE_VERSION "9.5.4 (Postgres-XL 9.5r1.3)"
| #define PACKAGE_XC_VERSION "9.5r1.3"
| #define PACKAGE_STRING "PostgreSQL 9.5.4 (Postgres-XL 9.5r1.3)"
| #define PACKAGE_BUGREPORT "bugs@postgres-xl.org"
| #define PACKAGE_URL ""
| #define PG_MAJORVERSION "9.5"
| #define PG_VERSION "9.5.4 (Postgres-XL 9.5r1.3)"
| #define PGXC_VERSION "9.5r1.3"
| #define USE_INTEGER_DATETIMES 1
| #define DEF_PGPORT 5432
| #define DEF_PGPORT_STR "5432"
| #define BLCKSZ 8192
| #define RELSEG_SIZE 131072
| #define XLOG_BLCKSZ 8192
| #define XLOG_SEG_SIZE (16 * 1024 * 1024)
| /* end confdefs.h.  */
| 
| int
| main ()
| {
| #ifndef __SUNPRO_C
| choke me
| #endif
|   ;
|   return 0;
| }
configure:4421: checking whether gcc supports -Wdeclaration-after-statement
configure:4441: gcc -c -Wall -Wmissing-prototypes -Wpointer-arith -Wdeclaration-after-statement  -D_GNU_SOURCE conftest.c >&5
configure:4441: $? = 0
configure:4450: result: yes
configure:4456: checking whether gcc supports -Wendif-labels
configure:4476: gcc -c -Wall -Wmissing-prototypes -Wpointer-arith -Wdeclaration-after-statement -Wendif-labels  -D_GNU_SOURCE conftest.c >&5
configure:4476: $? = 0
configure:4485: result: yes
configure:4491: checking whether gcc supports -Wmissing-format-attribute
configure:4511: gcc -c -Wall -Wmissing-prototypes -Wpointer-arith -Wdeclaration-after-statement -Wendif-labels -Wmissing-format-attribute  -D_GNU_SOURCE conftest.c >&5
configure:4511: $? = 0
configure:4520: result: yes
configure:4527: checking whether gcc supports -Wformat-security
configure:4547: gcc -c -Wall -Wmissing-prototypes -Wpointer-arith -Wdeclaration-after-statement -Wendif-labels -Wmissing-format-attribute -Wformat-security  -D_GNU_SOURCE conftest.c >&5
configure:4547: $? = 0
configure:4556: result: yes
configure:4563: checking whether gcc supports -fno-strict-aliasing
configure:4583: gcc -c -Wall -Wmissing-prototypes -Wpointer-arith -Wdeclaration-after-statement -Wendif-labels -Wmissing-format-attribute -Wformat-security -fno-strict-aliasing  -D_GNU_SOURCE conftest.c >&5
configure:4583: $? = 0
configure:4592: result: yes
configure:4599: checking whether gcc supports -fwrapv
configure:4619: gcc -c -Wall -Wmissing-prototypes -Wpointer-arith -Wdeclaration-after-statement -Wendif-labels -Wmissing-format-attribute -Wformat-security -fno-strict-aliasing -fwrapv  -D_GNU_SOURCE conftest.c >&5
configure:4619: $? = 0
configure:4628: result: yes
configure:4635: checking whether gcc supports -fexcess-precision=standard
configure:4655: gcc -c -Wall -Wmissing-prototypes -Wpointer-arith -Wdeclaration-after-statement -Wendif-labels -Wmissing-format-attribute -Wformat-security -fno-strict-aliasing -fwrapv -fexcess-precision=standard  -D_GNU_SOURCE conftest.c >&5
configure:4655: $? = 0
configure:4664: result: yes
configure:4671: checking whether gcc supports -funroll-loops
configure:4691: gcc -c -Wall -Wmissing-prototypes -Wpointer-arith -Wdeclaration-after-statement -Wendif-labels -Wmissing-format-attribute -Wformat-security -fno-strict-aliasing -fwrapv -fexcess-precision=standard -funroll-loops  -D_GNU_SOURCE conftest.c >&5
configure:4691: $? = 0
configure:4700: result: yes
configure:4706: checking whether gcc supports -ftree-vectorize
configure:4726: gcc -c -Wall -Wmissing-prototypes -Wpointer-arith -Wdeclaration-after-statement -Wendif-labels -Wmissing-format-attribute -Wformat-security -fno-strict-aliasing -fwrapv -fexcess-precision=standard -ftree-vectorize  -D_GNU_SOURCE conftest.c >&5
configure:4726: $? = 0
configure:4735: result: yes
configure:4744: checking whether gcc supports -Wunused-command-line-argument
configure:4764: gcc -c -Wall -Wmissing-prototypes -Wpointer-arith -Wdeclaration-after-statement -Wendif-labels -Wmissing-format-attribute -Wformat-security -fno-strict-aliasing -fwrapv -fexcess-precision=standard -Wunused-command-line-argument  -D_GNU_SOURCE conftest.c >&5
gcc: error: unrecognized command line option '-Wunused-command-line-argument'
configure:4764: $? = 1
configure: failed program was:
| /* confdefs.h */
| #define PACKAGE_NAME "PostgreSQL"
| #define PACKAGE_TARNAME "postgresql"
| #define PACKAGE_VERSION "9.5.4 (Postgres-XL 9.5r1.3)"
| #define PACKAGE_XC_VERSION "9.5r1.3"
| #define PACKAGE_STRING "PostgreSQL 9.5.4 (Postgres-XL 9.5r1.3)"
| #define PACKAGE_BUGREPORT "bugs@postgres-xl.org"
| #define PACKAGE_URL ""
| #define PG_MAJORVERSION "9.5"
| #define PG_VERSION "9.5.4 (Postgres-XL 9.5r1.3)"
| #define PGXC_VERSION "9.5r1.3"
| #define USE_INTEGER_DATETIMES 1
| #define DEF_PGPORT 5432
| #define DEF_PGPORT_STR "5432"
| #define BLCKSZ 8192
| #define RELSEG_SIZE 131072
| #define XLOG_BLCKSZ 8192
| #define XLOG_SEG_SIZE (16 * 1024 * 1024)
| /* end confdefs.h.  */
| 
| int
| main ()
| {
| 
|   ;
|   return 0;
| }
configure:4773: result: no
configure:5008: checking whether the C compiler still works
configure:5021: gcc -o conftest -Wall -Wmissing-prototypes -Wpointer-arith -Wdeclaration-after-statement -Wendif-labels -Wmissing-format-attribute -Wformat-security -fno-strict-aliasing -fwrapv -fexcess-precision=standard -O2  -D_GNU_SOURCE  conftest.c  >&5
configure:5021: $? = 0
configure:5022: result: yes
configure:5047: gcc -c -Wall -Wmissing-prototypes -Wpointer-arith -Wdeclaration-after-statement -Wendif-labels -Wmissing-format-attribute -Wformat-security -fno-strict-aliasing -fwrapv -fexcess-precision=standard -O2  -D_GNU_SOURCE conftest.c >&5
configure:5047: $? = 0
configure:5060: checking how to run the C preprocessor
configure:5091: gcc -E  -D_GNU_SOURCE conftest.c
configure:5091: $? = 0
configure:5105: gcc -E  -D_GNU_SOURCE conftest.c
conftest.c:20:28: fatal error: ac_nonexistent.h: No such file or directory
 #include <ac_nonexistent.h>
                            ^
compilation terminated.
configure:5105: $? = 1
configure: failed program was:
| /* confdefs.h */
| #define PACKAGE_NAME "PostgreSQL"
| #define PACKAGE_TARNAME "postgresql"
| #define PACKAGE_VERSION "9.5.4 (Postgres-XL 9.5r1.3)"
| #define PACKAGE_XC_VERSION "9.5r1.3"
| #define PACKAGE_STRING "PostgreSQL 9.5.4 (Postgres-XL 9.5r1.3)"
| #define PACKAGE_BUGREPORT "bugs@postgres-xl.org"
| #define PACKAGE_URL ""
| #define PG_MAJORVERSION "9.5"
| #define PG_VERSION "9.5.4 (Postgres-XL 9.5r1.3)"
| #define PGXC_VERSION "9.5r1.3"
| #define USE_INTEGER_DATETIMES 1
| #define DEF_PGPORT 5432
| #define DEF_PGPORT_STR "5432"
| #define BLCKSZ 8192
| #define RELSEG_SIZE 131072
| #define XLOG_BLCKSZ 8192
| #define XLOG_SEG_SIZE (16 * 1024 * 1024)
| /* end confdefs.h.  */
| #include <ac_nonexistent.h>
configure:5130: result: gcc -E
configure:5150: gcc -E  -D_GNU_SOURCE conftest.c
configure:5150: $? = 0
configure:5164: gcc -E  -D_GNU_SOURCE conftest.c
conftest.c:20:28: fatal error: ac_nonexistent.h: No such file or directory
 #include <ac_nonexistent.h>
                            ^
compilation terminated.
configure:5164: $? = 1
configure: failed program was:
| /* confdefs.h */
| #define PACKAGE_NAME "PostgreSQL"
| #define PACKAGE_TARNAME "postgresql"
| #define PACKAGE_VERSION "9.5.4 (Postgres-XL 9.5r1.3)"
| #define PACKAGE_XC_VERSION "9.5r1.3"
| #define PACKAGE_STRING "PostgreSQL 9.5.4 (Postgres-XL 9.5r1.3)"
| #define PACKAGE_BUGREPORT "bugs@postgres-xl.org"
| #define PACKAGE_URL ""
| #define PG_MAJORVERSION "9.5"
| #define PG_VERSION "9.5.4 (Postgres-XL 9.5r1.3)"
| #define PGXC_VERSION "9.5r1.3"
| #define USE_INTEGER_DATETIMES 1
| #define DEF_PGPORT 5432
| #define DEF_PGPORT_STR "5432"
| #define BLCKSZ 8192
| #define RELSEG_SIZE 131072
| #define XLOG_BLCKSZ 8192
| #define XLOG_SEG_SIZE (16 * 1024 * 1024)
| /* end confdefs.h.  */
| #include <ac_nonexistent.h>
configure:5335: checking allow thread-safe client libraries
configure:5365: result: yes
configure:5372: checking whether to build with Tcl
configure:5398: result: no
configure:5430: checking whether to build Perl modules
configure:5456: result: no
configure:5463: checking whether to build Python modules
configure:5489: result: no
configure:5496: checking whether to build with GSSAPI support
configure:5527: result: no
configure:5570: checking whether to build with PAM support
configure:5598: result: no
configure:5605: checking whether to build with LDAP support
configure:5633: result: no
configure:5640: checking whether to build with Bonjour support
configure:5668: result: no
configure:5675: checking whether to build with OpenSSL support
configure:5703: result: no
configure:5710: checking whether to build with SELinux support
configure:5737: result: no
configure:6081: checking for grep that handles long lines and -e
configure:6139: result: /bin/grep
configure:6144: checking for egrep
configure:6206: result: /bin/grep -E
configure:6253: checking for ld used by GCC
configure:6316: result: /usr/bin/ld
configure:6323: checking if the linker (/usr/bin/ld) is GNU ld
GNU ld (GNU Binutils for Ubuntu) 2.24
configure:6335: result: yes
configure:6419: checking for ranlib
configure:6435: found /usr/bin/ranlib
configure:6446: result: ranlib
configure:6512: checking for strip
configure:6528: found /usr/bin/strip
configure:6539: result: strip
configure:6562: checking whether it is possible to strip libraries
configure:6567: result: yes
configure:6632: checking for ar
configure:6648: found /usr/bin/ar
configure:6659: result: ar
configure:6974: checking for a BSD-compatible install
configure:7042: result: /usr/bin/install -c
configure:7064: checking for tar
configure:7082: found /bin/tar
configure:7094: result: /bin/tar
configure:7102: checking whether ln -s works
configure:7106: result: yes
configure:7117: checking for gawk
configure:7147: result: no
configure:7117: checking for mawk
configure:7133: found /usr/bin/mawk
configure:7144: result: mawk
configure:7155: checking for a thread-safe mkdir -p
configure:7194: result: /bin/mkdir -p
configure:7210: checking for bison
configure:7243: result: no
configure:7283: WARNING:
*** Without Bison you will not be able to build PostgreSQL from Git nor
*** change any of the parser definition files.  You can obtain Bison from
*** a GNU mirror site.  (If you are using the official distribution of
*** PostgreSQL then you do not need to worry about this, because the Bison
*** output is pre-generated.)
configure:7294: checking for flex
configure:7339: result: no
configure:7347: WARNING:
*** Without Flex you will not be able to build PostgreSQL from Git nor
*** change any of the scanner definition files.  You can obtain Flex from
*** a GNU mirror site.  (If you are using the official distribution of
*** PostgreSQL then you do not need to worry about this because the Flex
*** output is pre-generated.)
configure:7371: checking for perl
configure:7389: found /usr/bin/perl
configure:7401: result: /usr/bin/perl
configure:7413: using perl 5.18.2
configure:7704: checking for main in -lm
configure:7723: gcc -o conftest -Wall -Wmissing-prototypes -Wpointer-arith -Wdeclaration-after-statement -Wendif-labels -Wmissing-format-attribute -Wformat-security -fno-strict-aliasing -fwrapv -fexcess-precision=standard -O2  -D_GNU_SOURCE    conftest.c -lm   >&5
configure:7723: $? = 0
configure:7732: result: yes
configure:7743: checking for library containing setproctitle
configure:7774: gcc -o conftest -Wall -Wmissing-prototypes -Wpointer-arith -Wdeclaration-after-statement -Wendif-labels -Wmissing-format-attribute -Wformat-security -fno-strict-aliasing -fwrapv -fexcess-precision=standard -O2  -D_GNU_SOURCE    conftest.c -lm  >&5
/tmp/ccLtNdZS.o: In function `main':
conftest.c:(.text.startup+0x7): undefined reference to `setproctitle'
collect2: error: ld returned 1 exit status
configure:7774: $? = 1
configure: failed program was:
| /* confdefs.h */
| #define PACKAGE_NAME "PostgreSQL"
| #define PACKAGE_TARNAME "postgresql"
| #define PACKAGE_VERSION "9.5.4 (Postgres-XL 9.5r1.3)"
| #define PACKAGE_XC_VERSION "9.5r1.3"
| #define PACKAGE_STRING "PostgreSQL 9.5.4 (Postgres-XL 9.5r1.3)"
| #define PACKAGE_BUGREPORT "bugs@postgres-xl.org"
| #define PACKAGE_URL ""
| #define PG_MAJORVERSION "9.5"
| #define PG_VERSION "9.5.4 (Postgres-XL 9.5r1.3)"
| #define PGXC_VERSION "9.5r1.3"
| #define USE_INTEGER_DATETIMES 1
| #define DEF_PGPORT 5432
| #define DEF_PGPORT_STR "5432"
| #define BLCKSZ 8192
| #define RELSEG_SIZE 131072
| #define XLOG_BLCKSZ 8192
| #define XLOG_SEG_SIZE (16 * 1024 * 1024)
| #define ENABLE_THREAD_SAFETY 1
| #define PG_KRB_SRVNAM "postgres"
| #define HAVE_LIBM 1
| /* end confdefs.h.  */
| 
| /* Override any GCC internal prototype to avoid an error.
|    Use char because int might match the return type of a GCC
|    builtin and then its argument prototype would still apply.  */
| #ifdef __cplusplus
| extern "C"
| #endif
| char setproctitle ();
| int
| main ()
| {
| return setproctitle ();
|   ;
|   return 0;
| }
configure:7774: gcc -o conftest -Wall -Wmissing-prototypes -Wpointer-arith -Wdeclaration-after-statement -Wendif-labels -Wmissing-format-attribute -Wformat-security -fno-strict-aliasing -fwrapv -fexcess-precision=standard -O2  -D_GNU_SOURCE    conftest.c -lutil  -lm  >&5
/tmp/ccpnXYDS.o: In function `main':
conftest.c:(.text.startup+0x7): undefined reference to `setproctitle'
collect2: error: ld returned 1 exit status
configure:7774: $? = 1
configure: failed program was:
| /* confdefs.h */
| #define PACKAGE_NAME "PostgreSQL"
| #define PACKAGE_TARNAME "postgresql"
| #define PACKAGE_VERSION "9.5.4 (Postgres-XL 9.5r1.3)"
| #define PACKAGE_XC_VERSION "9.5r1.3"
| #define PACKAGE_STRING "PostgreSQL 9.5.4 (Postgres-XL 9.5r1.3)"
| #define PACKAGE_BUGREPORT "bugs@postgres-xl.org"
| #define PACKAGE_URL ""
| #define PG_MAJORVERSION "9.5"
| #define PG_VERSION "9.5.4 (Postgres-XL 9.5r1.3)"
| #define PGXC_VERSION "9.5r1.3"
| #define USE_INTEGER_DATETIMES 1
| #define DEF_PGPORT 5432
| #define DEF_PGPORT_STR "5432"
| #define BLCKSZ 8192
| #define RELSEG_SIZE 131072
| #define XLOG_BLCKSZ 8192
| #define XLOG_SEG_SIZE (16 * 1024 * 1024)
| #define ENABLE_THREAD_SAFETY 1
| #define PG_KRB_SRVNAM "postgres"
| #define HAVE_LIBM 1
| /* end confdefs.h.  */
| 
| /* Override any GCC internal prototype to avoid an error.
|    Use char because int might match the return type of a GCC
|    builtin and then its argument prototype would still apply.  */
| #ifdef __cplusplus
| extern "C"
| #endif
| char setproctitle ();
| int
| main ()
| {
| return setproctitle ();
|   ;
|   return 0;
| }
configure:7791: result: no
configure:7799: checking for library containing dlopen
configure:7830: gcc -o conftest -Wall -Wmissing-prototypes -Wpointer-arith -Wdeclaration-after-statement -Wendif-labels -Wmissing-format-attribute -Wformat-security -fno-strict-aliasing -fwrapv -fexcess-precision=standard -O2  -D_GNU_SOURCE    conftest.c -lm  >&5
/tmp/ccehvvBY.o: In function `main':
conftest.c:(.text.startup+0x7): undefined reference to `dlopen'
collect2: error: ld returned 1 exit status
configure:7830: $? = 1
configure: failed program was:
| /* confdefs.h */
| #define PACKAGE_NAME "PostgreSQL"
| #define PACKAGE_TARNAME "postgresql"
| #define PACKAGE_VERSION "9.5.4 (Postgres-XL 9.5r1.3)"
| #define PACKAGE_XC_VERSION "9.5r1.3"
| #define PACKAGE_STRING "PostgreSQL 9.5.4 (Postgres-XL 9.5r1.3)"
| #define PACKAGE_BUGREPORT "bugs@postgres-xl.org"
| #define PACKAGE_URL ""
| #define PG_MAJORVERSION "9.5"
| #define PG_VERSION "9.5.4 (Postgres-XL 9.5r1.3)"
| #define PGXC_VERSION "9.5r1.3"
| #define USE_INTEGER_DATETIMES 1
| #define DEF_PGPORT 5432
| #define DEF_PGPORT_STR "5432"
| #define BLCKSZ 8192
| #define RELSEG_SIZE 131072
| #define XLOG_BLCKSZ 8192
| #define XLOG_SEG_SIZE (16 * 1024 * 1024)
| #define ENABLE_THREAD_SAFETY 1
| #define PG_KRB_SRVNAM "postgres"
| #define HAVE_LIBM 1
| /* end confdefs.h.  */
| 
| /* Override any GCC internal prototype to avoid an error.
|    Use char because int might match the return type of a GCC
|    builtin and then its argument prototype would still apply.  */
| #ifdef __cplusplus
| extern "C"
| #endif
| char dlopen ();
| int
| main ()
| {
| return dlopen ();
|   ;
|   return 0;
| }
configure:7830: gcc -o conftest -Wall -Wmissing-prototypes -Wpointer-arith -Wdeclaration-after-statement -Wendif-labels -Wmissing-format-attribute -Wformat-security -fno-strict-aliasing -fwrapv -fexcess-precision=standard -O2  -D_GNU_SOURCE    conftest.c -ldl  -lm  >&5
configure:7830: $? = 0
configure:7847: result: -ldl
configure:7855: checking for library containing socket
configure:7886: gcc -o conftest -Wall -Wmissing-prototypes -Wpointer-arith -Wdeclaration-after-statement -Wendif-labels -Wmissing-format-attribute -Wformat-security -fno-strict-aliasing -fwrapv -fexcess-precision=standard -O2  -D_GNU_SOURCE    conftest.c -ldl -lm  >&5
configure:7886: $? = 0
configure:7903: result: none required
configure:7911: checking for library containing shl_load
configure:7942: gcc -o conftest -Wall -Wmissing-prototypes -Wpointer-arith -Wdeclaration-after-statement -Wendif-labels -Wmissing-format-attribute -Wformat-security -fno-strict-aliasing -fwrapv -fexcess-precision=standard -O2  -D_GNU_SOURCE    conftest.c -ldl -lm  >&5
/tmp/ccrfBan2.o: In function `main':
conftest.c:(.text.startup+0x7): undefined reference to `shl_load'
collect2: error: ld returned 1 exit status
configure:7942: $? = 1
configure: failed program was:
| /* confdefs.h */
| #define PACKAGE_NAME "PostgreSQL"
| #define PACKAGE_TARNAME "postgresql"
| #define PACKAGE_VERSION "9.5.4 (Postgres-XL 9.5r1.3)"
| #define PACKAGE_XC_VERSION "9.5r1.3"
| #define PACKAGE_STRING "PostgreSQL 9.5.4 (Postgres-XL 9.5r1.3)"
| #define PACKAGE_BUGREPORT "bugs@postgres-xl.org"
| #define PACKAGE_URL ""
| #define PG_MAJORVERSION "9.5"
| #define PG_VERSION "9.5.4 (Postgres-XL 9.5r1.3)"
| #define PGXC_VERSION "9.5r1.3"
| #define USE_INTEGER_DATETIMES 1
| #define DEF_PGPORT 5432
| #define DEF_PGPORT_STR "5432"
| #define BLCKSZ 8192
| #define RELSEG_SIZE 131072
| #define XLOG_BLCKSZ 8192
| #define XLOG_SEG_SIZE (16 * 1024 * 1024)
| #define ENABLE_THREAD_SAFETY 1
| #define PG_KRB_SRVNAM "postgres"
| #define HAVE_LIBM 1
| /* end confdefs.h.  */
| 
| /* Override any GCC internal prototype to avoid an error.
|    Use char because int might match the return type of a GCC
|    builtin and then its argument prototype would still apply.  */
| #ifdef __cplusplus
| extern "C"
| #endif
| char shl_load ();
| int
| main ()
| {
| return shl_load ();
|   ;
|   return 0;
| }
configure:7942: gcc -o conftest -Wall -Wmissing-prototypes -Wpointer-arith -Wdeclaration-after-statement -Wendif-labels -Wmissing-format-attribute -Wformat-security -fno-strict-aliasing -fwrapv -fexcess-precision=standard -O2  -D_GNU_SOURCE    conftest.c -ldld  -ldl -lm  >&5
/usr/bin/ld: cannot find -ldld
collect2: error: ld returned 1 exit status
configure:7942: $? = 1
configure: failed program was:
| /* confdefs.h */
| #define PACKAGE_NAME "PostgreSQL"
| #define PACKAGE_TARNAME "postgresql"
| #define PACKAGE_VERSION "9.5.4 (Postgres-XL 9.5r1.3)"
| #define PACKAGE_XC_VERSION "9.5r1.3"
| #define PACKAGE_STRING "PostgreSQL 9.5.4 (Postgres-XL 9.5r1.3)"
| #define PACKAGE_BUGREPORT "bugs@postgres-xl.org"
| #define PACKAGE_URL ""
| #define PG_MAJORVERSION "9.5"
| #define PG_VERSION "9.5.4 (Postgres-XL 9.5r1.3)"
| #define PGXC_VERSION "9.5r1.3"
| #define USE_INTEGER_DATETIMES 1
| #define DEF_PGPORT 5432
| #define DEF_PGPORT_STR "5432"
| #define BLCKSZ 8192
| #define RELSEG_SIZE 131072
| #define XLOG_BLCKSZ 8192
| #define XLOG_SEG_SIZE (16 * 1024 * 1024)
| #define ENABLE_THREAD_SAFETY 1
| #define PG_KRB_SRVNAM "postgres"
| #define HAVE_LIBM 1
| /* end confdefs.h.  */
| 
| /* Override any GCC internal prototype to avoid an error.
|    Use char because int might match the return type of a GCC
|    builtin and then its argument prototype would still apply.  */
| #ifdef __cplusplus
| extern "C"
| #endif
| char shl_load ();
| int
| main ()
| {
| return shl_load ();
|   ;
|   return 0;
| }
configure:7959: result: no
configure:8028: checking for library containing getopt_long
configure:8059: gcc -o conftest -Wall -Wmissing-prototypes -Wpointer-arith -Wdeclaration-after-statement -Wendif-labels -Wmissing-format-attribute -Wformat-security -fno-strict-aliasing -fwrapv -fexcess-precision=standard -O2  -D_GNU_SOURCE    conftest.c -ldl -lm  >&5
configure:8059: $? = 0
configure:8076: result: none required
configure:8084: checking for library containing crypt
configure:8115: gcc -o conftest -Wall -Wmissing-prototypes -Wpointer-arith -Wdeclaration-after-statement -Wendif-labels -Wmissing-format-attribute -Wformat-security -fno-strict-aliasing -fwrapv -fexcess-precision=standard -O2  -D_GNU_SOURCE    conftest.c -ldl -lm  >&5
/tmp/ccv80A5b.o: In function `main':
conftest.c:(.text.startup+0x7): undefined reference to `crypt'
collect2: error: ld returned 1 exit status
configure:8115: $? = 1
configure: failed program was:
| /* confdefs.h */
| #define PACKAGE_NAME "PostgreSQL"
| #define PACKAGE_TARNAME "postgresql"
| #define PACKAGE_VERSION "9.5.4 (Postgres-XL 9.5r1.3)"
| #define PACKAGE_XC_VERSION "9.5r1.3"
| #define PACKAGE_STRING "PostgreSQL 9.5.4 (Postgres-XL 9.5r1.3)"
| #define PACKAGE_BUGREPORT "bugs@postgres-xl.org"
| #define PACKAGE_URL ""
| #define PG_MAJORVERSION "9.5"
| #define PG_VERSION "9.5.4 (Postgres-XL 9.5r1.3)"
| #define PGXC_VERSION "9.5r1.3"
| #define USE_INTEGER_DATETIMES 1
| #define DEF_PGPORT 5432
| #define DEF_PGPORT_STR "5432"
| #define BLCKSZ 8192
| #define RELSEG_SIZE 131072
| #define XLOG_BLCKSZ 8192
| #define XLOG_SEG_SIZE (16 * 1024 * 1024)
| #define ENABLE_THREAD_SAFETY 1
| #define PG_KRB_SRVNAM "postgres"
| #define HAVE_LIBM 1
| /* end confdefs.h.  */
| 
| /* Override any GCC internal prototype to avoid an error.
|    Use char because int might match the return type of a GCC
|    builtin and then its argument prototype would still apply.  */
| #ifdef __cplusplus
| extern "C"
| #endif
| char crypt ();
| int
| main ()
| {
| return crypt ();
|   ;
|   return 0;
| }
configure:8115: gcc -o conftest -Wall -Wmissing-prototypes -Wpointer-arith -Wdeclaration-after-statement -Wendif-labels -Wmissing-format-attribute -Wformat-security -fno-strict-aliasing -fwrapv -fexcess-precision=standard -O2  -D_GNU_SOURCE    conftest.c -lcrypt  -ldl -lm  >&5
configure:8115: $? = 0
configure:8132: result: -lcrypt
configure:8140: checking for library containing shm_open
configure:8171: gcc -o conftest -Wall -Wmissing-prototypes -Wpointer-arith -Wdeclaration-after-statement -Wendif-labels -Wmissing-format-attribute -Wformat-security -fno-strict-aliasing -fwrapv -fexcess-precision=standard -O2  -D_GNU_SOURCE    conftest.c -lcrypt -ldl -lm  >&5
/tmp/cc51mWlg.o: In function `main':
conftest.c:(.text.startup+0x7): undefined reference to `shm_open'
collect2: error: ld returned 1 exit status
configure:8171: $? = 1
configure: failed program was:
| /* confdefs.h */
| #define PACKAGE_NAME "PostgreSQL"
| #define PACKAGE_TARNAME "postgresql"
| #define PACKAGE_VERSION "9.5.4 (Postgres-XL 9.5r1.3)"
| #define PACKAGE_XC_VERSION "9.5r1.3"
| #define PACKAGE_STRING "PostgreSQL 9.5.4 (Postgres-XL 9.5r1.3)"
| #define PACKAGE_BUGREPORT "bugs@postgres-xl.org"
| #define PACKAGE_URL ""
| #define PG_MAJORVERSION "9.5"
| #define PG_VERSION "9.5.4 (Postgres-XL 9.5r1.3)"
| #define PGXC_VERSION "9.5r1.3"
| #define USE_INTEGER_DATETIMES 1
| #define DEF_PGPORT 5432
| #define DEF_PGPORT_STR "5432"
| #define BLCKSZ 8192
| #define RELSEG_SIZE 131072
| #define XLOG_BLCKSZ 8192
| #define XLOG_SEG_SIZE (16 * 1024 * 1024)
| #define ENABLE_THREAD_SAFETY 1
| #define PG_KRB_SRVNAM "postgres"
| #define HAVE_LIBM 1
| /* end confdefs.h.  */
| 
| /* Override any GCC internal prototype to avoid an error.
|    Use char because int might match the return type of a GCC
|    builtin and then its argument prototype would still apply.  */
| #ifdef __cplusplus
| extern "C"
| #endif
| char shm_open ();
| int
| main ()
| {
| return shm_open ();
|   ;
|   return 0;
| }
configure:8171: gcc -o conftest -Wall -Wmissing-prototypes -Wpointer-arith -Wdeclaration-after-statement -Wendif-labels -Wmissing-format-attribute -Wformat-security -fno-strict-aliasing -fwrapv -fexcess-precision=standard -O2  -D_GNU_SOURCE    conftest.c -lrt  -lcrypt -ldl -lm  >&5
configure:8171: $? = 0
configure:8188: result: -lrt
configure:8196: checking for library containing shm_unlink
configure:8227: gcc -o conftest -Wall -Wmissing-prototypes -Wpointer-arith -Wdeclaration-after-statement -Wendif-labels -Wmissing-format-attribute -Wformat-security -fno-strict-aliasing -fwrapv -fexcess-precision=standard -O2  -D_GNU_SOURCE    conftest.c -lrt -lcrypt -ldl -lm  >&5
configure:8227: $? = 0
configure:8244: result: none required
configure:8253: checking for library containing fdatasync
configure:8284: gcc -o conftest -Wall -Wmissing-prototypes -Wpointer-arith -Wdeclaration-after-statement -Wendif-labels -Wmissing-format-attribute -Wformat-security -fno-strict-aliasing -fwrapv -fexcess-precision=standard -O2  -D_GNU_SOURCE    conftest.c -lrt -lcrypt -ldl -lm  >&5
configure:8284: $? = 0
configure:8301: result: none required
configure:8310: checking for library containing sched_yield
configure:8341: gcc -o conftest -Wall -Wmissing-prototypes -Wpointer-arith -Wdeclaration-after-statement -Wendif-labels -Wmissing-format-attribute -Wformat-security -fno-strict-aliasing -fwrapv -fexcess-precision=standard -O2  -D_GNU_SOURCE    conftest.c -lrt -lcrypt -ldl -lm  >&5
configure:8341: $? = 0
configure:8358: result: none required
configure:8368: checking for library containing gethostbyname_r
configure:8399: gcc -o conftest -Wall -Wmissing-prototypes -Wpointer-arith -Wdeclaration-after-statement -Wendif-labels -Wmissing-format-attribute -Wformat-security -fno-strict-aliasing -fwrapv -fexcess-precision=standard -O2  -D_GNU_SOURCE    conftest.c -lrt -lcrypt -ldl -lm  >&5
configure:8399: $? = 0
configure:8416: result: none required
configure:8425: checking for library containing shmget
configure:8456: gcc -o conftest -Wall -Wmissing-prototypes -Wpointer-arith -Wdeclaration-after-statement -Wendif-labels -Wmissing-format-attribute -Wformat-security -fno-strict-aliasing -fwrapv -fexcess-precision=standard -O2  -D_GNU_SOURCE    conftest.c -lrt -lcrypt -ldl -lm  >&5
configure:8456: $? = 0
configure:8473: result: none required
configure:8485: checking for library containing readline
configure:8517: gcc -o conftest -Wall -Wmissing-prototypes -Wpointer-arith -Wdeclaration-after-statement -Wendif-labels -Wmissing-format-attribute -Wformat-security -fno-strict-aliasing -fwrapv -fexcess-precision=standard -O2  -D_GNU_SOURCE    conftest.c -lreadline -lrt -lcrypt -ldl -lm  >&5
/usr/bin/ld: cannot find -lreadline
collect2: error: ld returned 1 exit status
configure:8517: $? = 1
configure: failed program was:
| /* confdefs.h */
| #define PACKAGE_NAME "PostgreSQL"
| #define PACKAGE_TARNAME "postgresql"
| #define PACKAGE_VERSION "9.5.4 (Postgres-XL 9.5r1.3)"
| #define PACKAGE_XC_VERSION "9.5r1.3"
| #define PACKAGE_STRING "PostgreSQL 9.5.4 (Postgres-XL 9.5r1.3)"
| #define PACKAGE_BUGREPORT "bugs@postgres-xl.org"
| #define PACKAGE_URL ""
| #define PG_MAJORVERSION "9.5"
| #define PG_VERSION "9.5.4 (Postgres-XL 9.5r1.3)"
| #define PGXC_VERSION "9.5r1.3"
| #define USE_INTEGER_DATETIMES 1
| #define DEF_PGPORT 5432
| #define DEF_PGPORT_STR "5432"
| #define BLCKSZ 8192
| #define RELSEG_SIZE 131072
| #define XLOG_BLCKSZ 8192
| #define XLOG_SEG_SIZE (16 * 1024 * 1024)
| #define ENABLE_THREAD_SAFETY 1
| #define PG_KRB_SRVNAM "postgres"
| #define HAVE_LIBM 1
| /* end confdefs.h.  */
| 
| /* Override any GCC internal prototype to avoid an error.
|    Use char because int might match the return type of a GCC
|    builtin and then its argument prototype would still apply.  */
| #ifdef __cplusplus
| extern "C"
| #endif
| char readline ();
| int
| main ()
| {
| return readline ();
|   ;
|   return 0;
| }
configure:8517: gcc -o conftest -Wall -Wmissing-prototypes -Wpointer-arith -Wdeclaration-after-statement -Wendif-labels -Wmissing-format-attribute -Wformat-security -fno-strict-aliasing -fwrapv -fexcess-precision=standard -O2  -D_GNU_SOURCE    conftest.c -lreadline -ltermcap -lrt -lcrypt -ldl -lm  >&5
/usr/bin/ld: cannot find -lreadline
/usr/bin/ld: cannot find -ltermcap
collect2: error: ld returned 1 exit status
configure:8517: $? = 1
configure: failed program was:
| /* confdefs.h */
| #define PACKAGE_NAME "PostgreSQL"
| #define PACKAGE_TARNAME "postgresql"
| #define PACKAGE_VERSION "9.5.4 (Postgres-XL 9.5r1.3)"
| #define PACKAGE_XC_VERSION "9.5r1.3"
| #define PACKAGE_STRING "PostgreSQL 9.5.4 (Postgres-XL 9.5r1.3)"
| #define PACKAGE_BUGREPORT "bugs@postgres-xl.org"
| #define PACKAGE_URL ""
| #define PG_MAJORVERSION "9.5"
| #define PG_VERSION "9.5.4 (Postgres-XL 9.5r1.3)"
| #define PGXC_VERSION "9.5r1.3"
| #define USE_INTEGER_DATETIMES 1
| #define DEF_PGPORT 5432
| #define DEF_PGPORT_STR "5432"
| #define BLCKSZ 8192
| #define RELSEG_SIZE 131072
| #define XLOG_BLCKSZ 8192
| #define XLOG_SEG_SIZE (16 * 1024 * 1024)
| #define ENABLE_THREAD_SAFETY 1
| #define PG_KRB_SRVNAM "postgres"
| #define HAVE_LIBM 1
| /* end confdefs.h.  */
| 
| /* Override any GCC internal prototype to avoid an error.
|    Use char because int might match the return type of a GCC
|    builtin and then its argument prototype would still apply.  */
| #ifdef __cplusplus
| extern "C"
| #endif
| char readline ();
| int
| main ()
| {
| return readline ();
|   ;
|   return 0;
| }
configure:8517: gcc -o conftest -Wall -Wmissing-prototypes -Wpointer-arith -Wdeclaration-after-statement -Wendif-labels -Wmissing-format-attribute -Wformat-security -fno-strict-aliasing -fwrapv -fexcess-precision=standard -O2  -D_GNU_SOURCE    conftest.c -lreadline -lncurses -lrt -lcrypt -ldl -lm  >&5
/usr/bin/ld: cannot find -lreadline
/usr/bin/ld: cannot find -lncurses
collect2: error: ld returned 1 exit status
configure:8517: $? = 1
configure: failed program was:
| /* confdefs.h */
| #define PACKAGE_NAME "PostgreSQL"
| #define PACKAGE_TARNAME "postgresql"
| #define PACKAGE_VERSION "9.5.4 (Postgres-XL 9.5r1.3)"
| #define PACKAGE_XC_VERSION "9.5r1.3"
| #define PACKAGE_STRING "PostgreSQL 9.5.4 (Postgres-XL 9.5r1.3)"
| #define PACKAGE_BUGREPORT "bugs@postgres-xl.org"
| #define PACKAGE_URL ""
| #define PG_MAJORVERSION "9.5"
| #define PG_VERSION "9.5.4 (Postgres-XL 9.5r1.3)"
| #define PGXC_VERSION "9.5r1.3"
| #define USE_INTEGER_DATETIMES 1
| #define DEF_PGPORT 5432
| #define DEF_PGPORT_STR "5432"
| #define BLCKSZ 8192
| #define RELSEG_SIZE 131072
| #define XLOG_BLCKSZ 8192
| #define XLOG_SEG_SIZE (16 * 1024 * 1024)
| #define ENABLE_THREAD_SAFETY 1
| #define PG_KRB_SRVNAM "postgres"
| #define HAVE_LIBM 1
| /* end confdefs.h.  */
| 
| /* Override any GCC internal prototype to avoid an error.
|    Use char because int might match the return type of a GCC
|    builtin and then its argument prototype would still apply.  */
| #ifdef __cplusplus
| extern "C"
| #endif
| char readline ();
| int
| main ()
| {
| return readline ();
|   ;
|   return 0;
| }
configure:8517: gcc -o conftest -Wall -Wmissing-prototypes -Wpointer-arith -Wdeclaration-after-statement -Wendif-labels -Wmissing-format-attribute -Wformat-security -fno-strict-aliasing -fwrapv -fexcess-precision=standard -O2  -D_GNU_SOURCE    conftest.c -lreadline -lcurses -lrt -lcrypt -ldl -lm  >&5
/usr/bin/ld: cannot find -lreadline
/usr/bin/ld: cannot find -lcurses
collect2: error: ld returned 1 exit status
configure:8517: $? = 1
configure: failed program was:
| /* confdefs.h */
| #define PACKAGE_NAME "PostgreSQL"
| #define PACKAGE_TARNAME "postgresql"
| #define PACKAGE_VERSION "9.5.4 (Postgres-XL 9.5r1.3)"
| #define PACKAGE_XC_VERSION "9.5r1.3"
| #define PACKAGE_STRING "PostgreSQL 9.5.4 (Postgres-XL 9.5r1.3)"
| #define PACKAGE_BUGREPORT "bugs@postgres-xl.org"
| #define PACKAGE_URL ""
| #define PG_MAJORVERSION "9.5"
| #define PG_VERSION "9.5.4 (Postgres-XL 9.5r1.3)"
| #define PGXC_VERSION "9.5r1.3"
| #define USE_INTEGER_DATETIMES 1
| #define DEF_PGPORT 5432
| #define DEF_PGPORT_STR "5432"
| #define BLCKSZ 8192
| #define RELSEG_SIZE 131072
| #define XLOG_BLCKSZ 8192
| #define XLOG_SEG_SIZE (16 * 1024 * 1024)
| #define ENABLE_THREAD_SAFETY 1
| #define PG_KRB_SRVNAM "postgres"
| #define HAVE_LIBM 1
| /* end confdefs.h.  */
| 
| /* Override any GCC internal prototype to avoid an error.
|    Use char because int might match the return type of a GCC
|    builtin and then its argument prototype would still apply.  */
| #ifdef __cplusplus
| extern "C"
| #endif
| char readline ();
| int
| main ()
| {
| return readline ();
|   ;
|   return 0;
| }
configure:8517: gcc -o conftest -Wall -Wmissing-prototypes -Wpointer-arith -Wdeclaration-after-statement -Wendif-labels -Wmissing-format-attribute -Wformat-security -fno-strict-aliasing -fwrapv -fexcess-precision=standard -O2  -D_GNU_SOURCE    conftest.c -ledit -lrt -lcrypt -ldl -lm  >&5
/usr/bin/ld: cannot find -ledit
collect2: error: ld returned 1 exit status
configure:8517: $? = 1
configure: failed program was:
| /* confdefs.h */
| #define PACKAGE_NAME "PostgreSQL"
| #define PACKAGE_TARNAME "postgresql"
| #define PACKAGE_VERSION "9.5.4 (Postgres-XL 9.5r1.3)"
| #define PACKAGE_XC_VERSION "9.5r1.3"
| #define PACKAGE_STRING "PostgreSQL 9.5.4 (Postgres-XL 9.5r1.3)"
| #define PACKAGE_BUGREPORT "bugs@postgres-xl.org"
| #define PACKAGE_URL ""
| #define PG_MAJORVERSION "9.5"
| #define PG_VERSION "9.5.4 (Postgres-XL 9.5r1.3)"
| #define PGXC_VERSION "9.5r1.3"
| #define USE_INTEGER_DATETIMES 1
| #define DEF_PGPORT 5432
| #define DEF_PGPORT_STR "5432"
| #define BLCKSZ 8192
| #define RELSEG_SIZE 131072
| #define XLOG_BLCKSZ 8192
| #define XLOG_SEG_SIZE (16 * 1024 * 1024)
| #define ENABLE_THREAD_SAFETY 1
| #define PG_KRB_SRVNAM "postgres"
| #define HAVE_LIBM 1
| /* end confdefs.h.  */
| 
| /* Override any GCC internal prototype to avoid an error.
|    Use char because int might match the return type of a GCC
|    builtin and then its argument prototype would still apply.  */
| #ifdef __cplusplus
| extern "C"
| #endif
| char readline ();
| int
| main ()
| {
| return readline ();
|   ;
|   return 0;
| }
configure:8517: gcc -o conftest -Wall -Wmissing-prototypes -Wpointer-arith -Wdeclaration-after-statement -Wendif-labels -Wmissing-format-attribute -Wformat-security -fno-strict-aliasing -fwrapv -fexcess-precision=standard -O2  -D_GNU_SOURCE    conftest.c -ledit -ltermcap -lrt -lcrypt -ldl -lm  >&5
/usr/bin/ld: cannot find -ledit
/usr/bin/ld: cannot find -ltermcap
collect2: error: ld returned 1 exit status
configure:8517: $? = 1
configure: failed program was:
| /* confdefs.h */
| #define PACKAGE_NAME "PostgreSQL"
| #define PACKAGE_TARNAME "postgresql"
| #define PACKAGE_VERSION "9.5.4 (Postgres-XL 9.5r1.3)"
| #define PACKAGE_XC_VERSION "9.5r1.3"
| #define PACKAGE_STRING "PostgreSQL 9.5.4 (Postgres-XL 9.5r1.3)"
| #define PACKAGE_BUGREPORT "bugs@postgres-xl.org"
| #define PACKAGE_URL ""
| #define PG_MAJORVERSION "9.5"
| #define PG_VERSION "9.5.4 (Postgres-XL 9.5r1.3)"
| #define PGXC_VERSION "9.5r1.3"
| #define USE_INTEGER_DATETIMES 1
| #define DEF_PGPORT 5432
| #define DEF_PGPORT_STR "5432"
| #define BLCKSZ 8192
| #define RELSEG_SIZE 131072
| #define XLOG_BLCKSZ 8192
| #define XLOG_SEG_SIZE (16 * 1024 * 1024)
| #define ENABLE_THREAD_SAFETY 1
| #define PG_KRB_SRVNAM "postgres"
| #define HAVE_LIBM 1
| /* end confdefs.h.  */
| 
| /* Override any GCC internal prototype to avoid an error.
|    Use char because int might match the return type of a GCC
|    builtin and then its argument prototype would still apply.  */
| #ifdef __cplusplus
| extern "C"
| #endif
| char readline ();
| int
| main ()
| {
| return readline ();
|   ;
|   return 0;
| }
configure:8517: gcc -o conftest -Wall -Wmissing-prototypes -Wpointer-arith -Wdeclaration-after-statement -Wendif-labels -Wmissing-format-attribute -Wformat-security -fno-strict-aliasing -fwrapv -fexcess-precision=standard -O2  -D_GNU_SOURCE    conftest.c -ledit -lncurses -lrt -lcrypt -ldl -lm  >&5
/usr/bin/ld: cannot find -ledit
/usr/bin/ld: cannot find -lncurses
collect2: error: ld returned 1 exit status
configure:8517: $? = 1
configure: failed program was:
| /* confdefs.h */
| #define PACKAGE_NAME "PostgreSQL"
| #define PACKAGE_TARNAME "postgresql"
| #define PACKAGE_VERSION "9.5.4 (Postgres-XL 9.5r1.3)"
| #define PACKAGE_XC_VERSION "9.5r1.3"
| #define PACKAGE_STRING "PostgreSQL 9.5.4 (Postgres-XL 9.5r1.3)"
| #define PACKAGE_BUGREPORT "bugs@postgres-xl.org"
| #define PACKAGE_URL ""
| #define PG_MAJORVERSION "9.5"
| #define PG_VERSION "9.5.4 (Postgres-XL 9.5r1.3)"
| #define PGXC_VERSION "9.5r1.3"
| #define USE_INTEGER_DATETIMES 1
| #define DEF_PGPORT 5432
| #define DEF_PGPORT_STR "5432"
| #define BLCKSZ 8192
| #define RELSEG_SIZE 131072
| #define XLOG_BLCKSZ 8192
| #define XLOG_SEG_SIZE (16 * 1024 * 1024)
| #define ENABLE_THREAD_SAFETY 1
| #define PG_KRB_SRVNAM "postgres"
| #define HAVE_LIBM 1
| /* end confdefs.h.  */
| 
| /* Override any GCC internal prototype to avoid an error.
|    Use char because int might match the return type of a GCC
|    builtin and then its argument prototype would still apply.  */
| #ifdef __cplusplus
| extern "C"
| #endif
| char readline ();
| int
| main ()
| {
| return readline ();
|   ;
|   return 0;
| }
configure:8517: gcc -o conftest -Wall -Wmissing-prototypes -Wpointer-arith -Wdeclaration-after-statement -Wendif-labels -Wmissing-format-attribute -Wformat-security -fno-strict-aliasing -fwrapv -fexcess-precision=standard -O2  -D_GNU_SOURCE    conftest.c -ledit -lcurses -lrt -lcrypt -ldl -lm  >&5
/usr/bin/ld: cannot find -ledit
/usr/bin/ld: cannot find -lcurses
collect2: error: ld returned 1 exit status
configure:8517: $? = 1
configure: failed program was:
| /* confdefs.h */
| #define PACKAGE_NAME "PostgreSQL"
| #define PACKAGE_TARNAME "postgresql"
| #define PACKAGE_VERSION "9.5.4 (Postgres-XL 9.5r1.3)"
| #define PACKAGE_XC_VERSION "9.5r1.3"
| #define PACKAGE_STRING "PostgreSQL 9.5.4 (Postgres-XL 9.5r1.3)"
| #define PACKAGE_BUGREPORT "bugs@postgres-xl.org"
| #define PACKAGE_URL ""
| #define PG_MAJORVERSION "9.5"
| #define PG_VERSION "9.5.4 (Postgres-XL 9.5r1.3)"
| #define PGXC_VERSION "9.5r1.3"
| #define USE_INTEGER_DATETIMES 1
| #define DEF_PGPORT 5432
| #define DEF_PGPORT_STR "5432"
| #define BLCKSZ 8192
| #define RELSEG_SIZE 131072
| #define XLOG_BLCKSZ 8192
| #define XLOG_SEG_SIZE (16 * 1024 * 1024)
| #define ENABLE_THREAD_SAFETY 1
| #define PG_KRB_SRVNAM "postgres"
| #define HAVE_LIBM 1
| /* end confdefs.h.  */
| 
| /* Override any GCC internal prototype to avoid an error.
|    Use char because int might match the return type of a GCC
|    builtin and then its argument prototype would still apply.  */
| #ifdef __cplusplus
| extern "C"
| #endif
| char readline ();
| int
| main ()
| {
| return readline ();
|   ;
|   return 0;
| }
configure:8543: result: no
configure:8554: error: readline library not found
If you have readline already installed, see config.log for details on the
failure.  It is possible the compiler isn't looking in the proper directory.
Use --without-readline to disable readline support.

## ---------------- ##
## Cache variables. ##
## ---------------- ##

ac_cv_build=x86_64-pc-linux-gnu
ac_cv_c_compiler_gnu=yes
ac_cv_env_CC_set=
ac_cv_env_CC_value=
ac_cv_env_CFLAGS_set=
ac_cv_env_CFLAGS_value=
ac_cv_env_CPPFLAGS_set=
ac_cv_env_CPPFLAGS_value=
ac_cv_env_CPP_set=
ac_cv_env_CPP_value=
ac_cv_env_DOCBOOKSTYLE_set=
ac_cv_env_DOCBOOKSTYLE_value=
ac_cv_env_LDFLAGS_EX_set=
ac_cv_env_LDFLAGS_EX_value=
ac_cv_env_LDFLAGS_SL_set=
ac_cv_env_LDFLAGS_SL_value=
ac_cv_env_LDFLAGS_set=
ac_cv_env_LDFLAGS_value=
ac_cv_env_LIBS_set=
ac_cv_env_LIBS_value=
ac_cv_env_build_alias_set=
ac_cv_env_build_alias_value=
ac_cv_env_host_alias_set=
ac_cv_env_host_alias_value=
ac_cv_env_target_alias_set=
ac_cv_env_target_alias_value=
ac_cv_host=x86_64-pc-linux-gnu
ac_cv_lib_m_main=yes
ac_cv_objext=o
ac_cv_path_EGREP='/bin/grep -E'
ac_cv_path_GREP=/bin/grep
ac_cv_path_LD=/usr/bin/ld
ac_cv_path_PERL=/usr/bin/perl
ac_cv_path_TAR=/bin/tar
ac_cv_path_install='/usr/bin/install -c'
ac_cv_path_mkdir=/bin/mkdir
ac_cv_prog_AWK=mawk
ac_cv_prog_CPP='gcc -E'
ac_cv_prog_ac_ct_AR=ar
ac_cv_prog_ac_ct_CC=gcc
ac_cv_prog_ac_ct_RANLIB=ranlib
ac_cv_prog_ac_ct_STRIP=strip
ac_cv_prog_cc_c89=
ac_cv_prog_cc_g=yes
ac_cv_prog_gnu_ld=yes
ac_cv_search_crypt=-lcrypt
ac_cv_search_dlopen=-ldl
ac_cv_search_fdatasync='none required'
ac_cv_search_gethostbyname_r='none required'
ac_cv_search_getopt_long='none required'
ac_cv_search_sched_yield='none required'
ac_cv_search_setproctitle=no
ac_cv_search_shl_load=no
ac_cv_search_shm_open=-lrt
ac_cv_search_shm_unlink='none required'
ac_cv_search_shmget='none required'
ac_cv_search_socket='none required'
pgac_cv_check_readline=no
pgac_cv_path_flex=no
pgac_cv_prog_cc_cflags__Wdeclaration_after_statement=yes
pgac_cv_prog_cc_cflags__Wendif_labels=yes
pgac_cv_prog_cc_cflags__Wformat_security=yes
pgac_cv_prog_cc_cflags__Wmissing_format_attribute=yes
pgac_cv_prog_cc_cflags__Wunused_command_line_argument=no
pgac_cv_prog_cc_cflags__fexcess_precision_standard=yes
pgac_cv_prog_cc_cflags__fno_strict_aliasing=yes
pgac_cv_prog_cc_cflags__ftree_vectorize=yes
pgac_cv_prog_cc_cflags__funroll_loops=yes
pgac_cv_prog_cc_cflags__fwrapv=yes

## ----------------- ##
## Output variables. ##
## ----------------- ##

AR='ar'
AWK='mawk'
BISON=''
BISONFLAGS=''
CC='gcc'
CFLAGS='-Wall -Wmissing-prototypes -Wpointer-arith -Wdeclaration-after-statement -Wendif-labels -Wmissing-format-attribute -Wformat-security -fno-strict-aliasing -fwrapv -fexcess-precision=standard -O2'
CFLAGS_SSE42=''
CFLAGS_VECTOR=' -funroll-loops -ftree-vectorize'
COLLATEINDEX=''
CPP='gcc -E'
CPPFLAGS=' -D_GNU_SOURCE '
DBTOEPUB=''
DEFS=''
DLLTOOL=''
DLLWRAP=''
DOCBOOKSTYLE=''
DTRACE=''
DTRACEFLAGS=''
ECHO_C=''
ECHO_N='-n'
ECHO_T=''
EGREP='/bin/grep -E'
ELF_SYS='true'
EXEEXT=''
FLEX=''
FLEXFLAGS=''
GCC='yes'
GCOV=''
GENHTML=''
GREP='/bin/grep'
HAVE_IPV6=''
HAVE_POSIX_SIGNALS=''
INCLUDES=''
INSTALL_DATA='${INSTALL} -m 644'
INSTALL_PROGRAM='${INSTALL}'
INSTALL_SCRIPT='${INSTALL}'
JADE=''
LCOV=''
LD='/usr/bin/ld'
LDAP_LIBS_BE=''
LDAP_LIBS_FE=''
LDFLAGS=' '
LDFLAGS_EX=''
LDFLAGS_SL=''
LIBOBJS=''
LIBS='-lrt -lcrypt -ldl -lm '
LN_S='ln -s'
LTLIBOBJS=''
MKDIR_P='/bin/mkdir -p'
MSGFMT=''
MSGFMT_FLAGS=''
MSGMERGE=''
NSGMLS=''
OBJEXT='o'
OSX=''
PACKAGE_BUGREPORT='bugs@postgres-xl.org'
PACKAGE_NAME='PostgreSQL'
PACKAGE_STRING='PostgreSQL 9.5.4 (Postgres-XL 9.5r1.3)'
PACKAGE_TARNAME='postgresql'
PACKAGE_URL=''
PACKAGE_VERSION='9.5.4 (Postgres-XL 9.5r1.3)'
PACKAGE_XC_VERSION='9.5r1.3'
PATH_SEPARATOR=':'
PERL='/usr/bin/perl'
PG_CRC32C_OBJS=''
PG_MAJORVERSION='9.5'
PG_VERSION_NUM=''
PORTNAME='linux'
PROVE=''
PTHREAD_CFLAGS=''
PTHREAD_LIBS=''
PYTHON=''
RANLIB='ranlib'
SHELL='/bin/bash'
STRIP='strip'
STRIP_SHARED_LIB='strip --strip-unneeded'
STRIP_STATIC_LIB='strip -x'
SUN_STUDIO_CC='no'
TAR='/bin/tar'
TAS=''
TCLSH=''
TCL_CONFIG_SH=''
TCL_INCLUDE_SPEC=''
TCL_LIBS=''
TCL_LIB_SPEC=''
TCL_SHARED_BUILD=''
TCL_SHLIB_LD_LIBS=''
UUID_EXTRA_OBJS=''
UUID_LIBS=''
WANTED_LANGUAGES=''
WINDRES=''
XGETTEXT=''
XML2_CONFIG=''
XMLLINT=''
XSLTPROC=''
ZIC=''
ac_ct_CC='gcc'
acx_pthread_config=''
autodepend=''
bindir='${exec_prefix}/bin'
build='x86_64-pc-linux-gnu'
build_alias=''
build_cpu='x86_64'
build_os='linux-gnu'
build_vendor='pc'
configure_args=''
datadir='${datarootdir}'
datarootdir='${prefix}/share'
default_port='5432'
docdir='${datarootdir}/doc/${PACKAGE_TARNAME}'
dvidir='${docdir}'
enable_coverage='no'
enable_debug='no'
enable_dtrace='no'
enable_nls='no'
enable_rpath='yes'
enable_tap_tests='no'
enable_thread_safety='yes'
exec_prefix='NONE'
genmsgids=''
have_docbook=''
have_win32_dbghelp=''
host='x86_64-pc-linux-gnu'
host_alias=''
host_cpu='x86_64'
host_os='linux-gnu'
host_vendor='pc'
htmldir='${docdir}'
includedir='${prefix}/include'
infodir='${datarootdir}/info'
install_bin='/usr/bin/install -c'
krb_srvtab=''
ld_R_works=''
libdir='${exec_prefix}/lib'
libexecdir='${exec_prefix}/libexec'
localedir='${datarootdir}/locale'
localstatedir='${prefix}/var'
mandir='${datarootdir}/man'
oldincludedir='/usr/include'
pdfdir='${docdir}'
perl_archlibexp=''
perl_embed_ldflags=''
perl_privlibexp=''
perl_useshrplib=''
prefix='NONE'
program_transform_name='s,x,x,'
psdir='${docdir}'
python_additional_libs=''
python_includespec=''
python_libdir=''
python_libspec=''
python_majorversion=''
python_version=''
sbindir='${exec_prefix}/sbin'
sharedstatedir='${prefix}/com'
sysconfdir='${prefix}/etc'
target_alias=''
vpath_build=''
with_gnu_ld='yes'
with_libxml='no'
with_libxslt='no'
with_openssl='no'
with_perl='no'
with_python='no'
with_selinux='no'
with_system_tzdata=''
with_tcl='no'
with_uuid='no'
with_zlib='yes'

## ----------- ##
## confdefs.h. ##
## ----------- ##

/* confdefs.h */
#define PACKAGE_NAME "PostgreSQL"
#define PACKAGE_TARNAME "postgresql"
#define PACKAGE_VERSION "9.5.4 (Postgres-XL 9.5r1.3)"
#define PACKAGE_XC_VERSION "9.5r1.3"
#define PACKAGE_STRING "PostgreSQL 9.5.4 (Postgres-XL 9.5r1.3)"
#define PACKAGE_BUGREPORT "bugs@postgres-xl.org"
#define PACKAGE_URL ""
#define PG_MAJORVERSION "9.5"
#define PG_VERSION "9.5.4 (Postgres-XL 9.5r1.3)"
#define PGXC_VERSION "9.5r1.3"
#define USE_INTEGER_DATETIMES 1
#define DEF_PGPORT 5432
#define DEF_PGPORT_STR "5432"
#define BLCKSZ 8192
#define RELSEG_SIZE 131072
#define XLOG_BLCKSZ 8192
#define XLOG_SEG_SIZE (16 * 1024 * 1024)
#define ENABLE_THREAD_SAFETY 1
#define PG_KRB_SRVNAM "postgres"
#define HAVE_LIBM 1

configure: exit 1
